<?xml version="1.0" encoding="UTF-8"?>
<!-- Generated by org.testng.reporters.JUnitReportReporter -->
<testsuite hostname="200411LTP0715" failures="0" tests="2" name="EndtoEnd.E2EProject.HomePage" time="17.051" errors="0" timestamp="2020-07-10T21:41:18 IST" skipped="0">
  <testcase classname="EndtoEnd.E2EProject.HomePage" name="basePageNavigation" time="7.993"/>
  <system-out/>
  <testcase classname="EndtoEnd.E2EProject.HomePage" name="basePageNavigation" time="9.058"/>
  <system-out/>
</testsuite> <!-- EndtoEnd.E2EProject.HomePage -->
