<?xml version="1.0" encoding="UTF-8"?>
<!-- Generated by org.testng.reporters.JUnitReportReporter -->
<testsuite hostname="200411LTP0715" failures="0" tests="1" name="EndtoEnd.E2EProject.ValidateTitile" time="0.132" errors="0" timestamp="2020-07-10T21:41:18 IST" skipped="0">
  <testcase classname="EndtoEnd.E2EProject.ValidateTitile" name="basePageNavigation" time="0.132"/>
  <system-out/>
</testsuite> <!-- EndtoEnd.E2EProject.ValidateTitile -->
